<?xml version="1.0" encoding="UTF-8"?>
<!-- Generated by org.testng.reporters.JUnitXMLReporter -->
<testsuite ignored="0" hostname="vinu" failures="0" tests="5" name="Default test" time="75.628" errors="0" timestamp="2023-03-04T10:13:52 IST">
  <testcase classname="com.curahealth.Second_Test" name="Navigate_to_login_page" time="72.761"/>
  <testcase classname="com.curahealth.Second_Test" name="Verify_text" time="0.085"/>
  <testcase classname="com.curahealth.Second_Test" name="verify_username_password" time="1.337"/>
  <testcase classname="com.curahealth.Second_Test" name="verify_dashboard_text" time="0.121"/>
  <testcase classname="com.curahealth.Second_Test" name="verify_logout_button_func" time="1.223"/>
</testsuite> <!-- Default test -->
