<?xml version="1.0" encoding="UTF-8"?>
<testng-results ignored="0" total="5" passed="5" failed="0" skipped="0">
  <reporter-output>
  </reporter-output>
  <suite started-at="2023-03-04T10:12:36 IST" name="Default suite" finished-at="2023-03-04T10:13:52 IST" duration-ms="75628">
    <groups>
    </groups>
    <test started-at="2023-03-04T10:12:36 IST" name="Default test" finished-at="2023-03-04T10:13:52 IST" duration-ms="75628">
      <class name="com.curahealth.Second_Test">
        <test-method signature="Navigate_to_login_page()[pri:1, instance:com.curahealth.Second_Test@130161f7]" started-at="2023-03-04T10:12:36 IST" name="Navigate_to_login_page" finished-at="2023-03-04T10:13:49 IST" duration-ms="72761" status="PASS">
          <reporter-output>
          </reporter-output>
        </test-method> <!-- Navigate_to_login_page -->
        <test-method signature="Verify_text()[pri:2, instance:com.curahealth.Second_Test@130161f7]" started-at="2023-03-04T10:13:49 IST" name="Verify_text" finished-at="2023-03-04T10:13:49 IST" duration-ms="85" status="PASS">
          <reporter-output>
          </reporter-output>
        </test-method> <!-- Verify_text -->
        <test-method signature="verify_username_password()[pri:3, instance:com.curahealth.Second_Test@130161f7]" started-at="2023-03-04T10:13:49 IST" name="verify_username_password" finished-at="2023-03-04T10:13:50 IST" duration-ms="1337" status="PASS">
          <reporter-output>
          </reporter-output>
        </test-method> <!-- verify_username_password -->
        <test-method signature="verify_dashboard_text()[pri:4, instance:com.curahealth.Second_Test@130161f7]" started-at="2023-03-04T10:13:50 IST" name="verify_dashboard_text" finished-at="2023-03-04T10:13:50 IST" duration-ms="121" status="PASS">
          <reporter-output>
          </reporter-output>
        </test-method> <!-- verify_dashboard_text -->
        <test-method signature="verify_logout_button_func()[pri:5, instance:com.curahealth.Second_Test@130161f7]" started-at="2023-03-04T10:13:50 IST" name="verify_logout_button_func" finished-at="2023-03-04T10:13:52 IST" duration-ms="1223" status="PASS">
          <reporter-output>
          </reporter-output>
        </test-method> <!-- verify_logout_button_func -->
      </class> <!-- com.curahealth.Second_Test -->
    </test> <!-- Default test -->
  </suite> <!-- Default suite -->
</testng-results>
